<?xml version="1.0" encoding="UTF-8"?>
<testng-results ignored="0" total="1" passed="0" failed="1" skipped="0">
  <reporter-output>
  </reporter-output>
  <suite started-at="2022-09-20T18:34:21 WIB" name="Default suite" finished-at="2022-09-20T18:35:44 WIB" duration-ms="82545">
    <groups>
      <group name="cucumber">
        <method signature="AbstractTestNGCucumberTests.runScenario(io.cucumber.testng.PickleWrapper,io.cucumber.testng.FeatureWrapper)[pri:0, instance:com.juaracoding.projectJC.web_admin.step_view_data.TestRunnerDetailData@708f5957]" name="runScenario" class="io.cucumber.testng.AbstractTestNGCucumberTests"/>
      </group> <!-- cucumber -->
    </groups>
    <test started-at="2022-09-20T18:34:21 WIB" name="Default test" finished-at="2022-09-20T18:35:44 WIB" duration-ms="82545">
      <class name="com.juaracoding.projectJC.web_admin.step_view_data.TestRunnerDetailData">
        <test-method is-config="true" signature="setUpClass(org.testng.ITestContext)[pri:0, instance:com.juaracoding.projectJC.web_admin.step_view_data.TestRunnerDetailData@708f5957]" started-at="2022-09-20T18:34:21 WIB" name="setUpClass" finished-at="2022-09-20T18:34:22 WIB" duration-ms="606" status="PASS">
          <params>
            <param index="0">
              <value>
                <![CDATA[org.testng.TestRunner@6d5c2745]]>
              </value>
            </param>
          </params>
          <reporter-output>
          </reporter-output>
        </test-method> <!-- setUpClass -->
        <test-method signature="runScenario(io.cucumber.testng.PickleWrapper,io.cucumber.testng.FeatureWrapper)[pri:0, instance:com.juaracoding.projectJC.web_admin.step_view_data.TestRunnerDetailData@708f5957]" started-at="2022-09-20T18:34:22 WIB" name="runScenario" description="Runs Cucumber Scenarios" data-provider="scenarios" finished-at="2022-09-20T18:35:41 WIB" duration-ms="79352" status="FAIL">
          <params>
            <param index="0">
              <value>
                <![CDATA["View Data Contact"]]>
              </value>
            </param>
            <param index="1">
              <value>
                <![CDATA["Detail Contact Admin"]]>
              </value>
            </param>
          </params>
          <exception class="java.lang.AssertionError">
            <message>
              <![CDATA[expected [081234567891] but found [2147483647]]]>
            </message>
            <full-stacktrace>
              <![CDATA[java.lang.AssertionError: expected [081234567891] but found [2147483647]
at org.testng.Assert.fail(Assert.java:99)
at org.testng.Assert.failNotEquals(Assert.java:1037)
at org.testng.Assert.assertEqualsImpl(Assert.java:140)
at org.testng.Assert.assertEquals(Assert.java:122)
at org.testng.Assert.assertEquals(Assert.java:629)
at org.testng.Assert.assertEquals(Assert.java:639)
at com.juaracoding.projectJC.web_admin.step_view_data.TestDetailData.user_view_data_phone_number_in_table(TestDetailData.java:112)
at ✽.User view data phone number in table(file:///D:/eclipse-workspace/Juaracoding-KerjaPraktek/src/test/resources/features/04.DetailDataContact.feature:12)
]]>
            </full-stacktrace>
          </exception> <!-- java.lang.AssertionError -->
          <reporter-output>
          </reporter-output>
        </test-method> <!-- runScenario -->
        <test-method is-config="true" signature="tearDownClass()[pri:0, instance:com.juaracoding.projectJC.web_admin.step_view_data.TestRunnerDetailData@708f5957]" started-at="2022-09-20T18:35:41 WIB" name="tearDownClass" finished-at="2022-09-20T18:35:44 WIB" duration-ms="2524" status="PASS">
          <reporter-output>
          </reporter-output>
        </test-method> <!-- tearDownClass -->
      </class> <!-- com.juaracoding.projectJC.web_admin.step_view_data.TestRunnerDetailData -->
    </test> <!-- Default test -->
  </suite> <!-- Default suite -->
</testng-results>
