<?xml version="1.0" encoding="UTF-8"?>
<testng-results ignored="0" total="1" passed="1" failed="0" skipped="0">
  <reporter-output>
  </reporter-output>
  <suite started-at="2022-09-19T14:56:45 WIB" name="Default suite" finished-at="2022-09-19T14:59:49 WIB" duration-ms="183788">
    <groups>
      <group name="cucumber">
        <method signature="AbstractTestNGCucumberTests.runScenario(io.cucumber.testng.PickleWrapper,io.cucumber.testng.FeatureWrapper)[pri:0, instance:com.juaracoding.projectJC.web_admin.step_view_data.TestRunnerDetailData@708f5957]" name="runScenario" class="io.cucumber.testng.AbstractTestNGCucumberTests"/>
      </group> <!-- cucumber -->
    </groups>
    <test started-at="2022-09-19T14:56:45 WIB" name="Default test" finished-at="2022-09-19T14:59:49 WIB" duration-ms="183788">
      <class name="com.juaracoding.projectJC.web_admin.step_view_data.TestRunnerDetailData">
        <test-method is-config="true" signature="setUpClass(org.testng.ITestContext)[pri:0, instance:com.juaracoding.projectJC.web_admin.step_view_data.TestRunnerDetailData@708f5957]" started-at="2022-09-19T14:56:45 WIB" name="setUpClass" finished-at="2022-09-19T14:56:45 WIB" duration-ms="487" status="PASS">
          <params>
            <param index="0">
              <value>
                <![CDATA[org.testng.TestRunner@68ac9ec5]]>
              </value>
            </param>
          </params>
          <reporter-output>
          </reporter-output>
        </test-method> <!-- setUpClass -->
        <test-method signature="runScenario(io.cucumber.testng.PickleWrapper,io.cucumber.testng.FeatureWrapper)[pri:0, instance:com.juaracoding.projectJC.web_admin.step_view_data.TestRunnerDetailData@708f5957]" started-at="2022-09-19T14:56:45 WIB" name="runScenario" description="Runs Cucumber Scenarios" data-provider="scenarios" finished-at="2022-09-19T14:59:46 WIB" duration-ms="180975" status="PASS">
          <params>
            <param index="0">
              <value>
                <![CDATA["View Data Contact"]]>
              </value>
            </param>
            <param index="1">
              <value>
                <![CDATA["Detail Contact Admin"]]>
              </value>
            </param>
          </params>
          <reporter-output>
          </reporter-output>
        </test-method> <!-- runScenario -->
        <test-method is-config="true" signature="tearDownClass()[pri:0, instance:com.juaracoding.projectJC.web_admin.step_view_data.TestRunnerDetailData@708f5957]" started-at="2022-09-19T14:59:46 WIB" name="tearDownClass" finished-at="2022-09-19T14:59:49 WIB" duration-ms="2286" status="PASS">
          <reporter-output>
          </reporter-output>
        </test-method> <!-- tearDownClass -->
      </class> <!-- com.juaracoding.projectJC.web_admin.step_view_data.TestRunnerDetailData -->
    </test> <!-- Default test -->
  </suite> <!-- Default suite -->
</testng-results>
