<?xml version="1.0" encoding="UTF-8"?>
<testng-results ignored="0" total="5" passed="5" failed="0" skipped="0">
  <reporter-output>
  </reporter-output>
  <suite started-at="2022-09-19T15:47:51 WIB" name="Default suite" finished-at="2022-09-19T15:48:24 WIB" duration-ms="32632">
    <groups>
      <group name="cucumber">
        <method signature="AbstractTestNGCucumberTests.runScenario(io.cucumber.testng.PickleWrapper,io.cucumber.testng.FeatureWrapper)[pri:0, instance:com.juaracoding.projectJC.Benefit.TestRunner@2fb3536e]" name="runScenario" class="io.cucumber.testng.AbstractTestNGCucumberTests"/>
      </group> <!-- cucumber -->
    </groups>
    <test started-at="2022-09-19T15:47:51 WIB" name="Default test" finished-at="2022-09-19T15:48:24 WIB" duration-ms="32632">
      <class name="com.juaracoding.projectJC.Benefit.TestRunner">
        <test-method is-config="true" signature="setUpClass(org.testng.ITestContext)[pri:0, instance:com.juaracoding.projectJC.Benefit.TestRunner@2fb3536e]" started-at="2022-09-19T15:47:51 WIB" name="setUpClass" finished-at="2022-09-19T15:47:52 WIB" duration-ms="1121" status="PASS">
          <params>
            <param index="0">
              <value>
                <![CDATA[org.testng.TestRunner@502a4156]]>
              </value>
            </param>
          </params>
          <reporter-output>
          </reporter-output>
        </test-method> <!-- setUpClass -->
        <test-method signature="runScenario(io.cucumber.testng.PickleWrapper,io.cucumber.testng.FeatureWrapper)[pri:0, instance:com.juaracoding.projectJC.Benefit.TestRunner@2fb3536e]" started-at="2022-09-19T15:47:52 WIB" name="runScenario" description="Runs Cucumber Scenarios" data-provider="scenarios" finished-at="2022-09-19T15:48:04 WIB" duration-ms="11788" status="PASS">
          <params>
            <param index="0">
              <value>
                <![CDATA["User valid login"]]>
              </value>
            </param>
            <param index="1">
              <value>
                <![CDATA["Login"]]>
              </value>
            </param>
          </params>
          <reporter-output>
          </reporter-output>
        </test-method> <!-- runScenario -->
        <test-method signature="runScenario(io.cucumber.testng.PickleWrapper,io.cucumber.testng.FeatureWrapper)[pri:0, instance:com.juaracoding.projectJC.Benefit.TestRunner@2fb3536e]" started-at="2022-09-19T15:48:04 WIB" name="runScenario" description="Runs Cucumber Scenarios" data-provider="scenarios" finished-at="2022-09-19T15:48:07 WIB" duration-ms="3256" status="PASS">
          <params>
            <param index="0">
              <value>
                <![CDATA["show benefit menu"]]>
              </value>
            </param>
            <param index="1">
              <value>
                <![CDATA["Modul Benefit"]]>
              </value>
            </param>
          </params>
          <reporter-output>
          </reporter-output>
        </test-method> <!-- runScenario -->
        <test-method signature="runScenario(io.cucumber.testng.PickleWrapper,io.cucumber.testng.FeatureWrapper)[pri:0, instance:com.juaracoding.projectJC.Benefit.TestRunner@2fb3536e]" started-at="2022-09-19T15:48:07 WIB" name="runScenario" description="Runs Cucumber Scenarios" data-provider="scenarios" finished-at="2022-09-19T15:48:13 WIB" duration-ms="5588" status="PASS">
          <params>
            <param index="0">
              <value>
                <![CDATA["add benefit"]]>
              </value>
            </param>
            <param index="1">
              <value>
                <![CDATA["Modul Benefit"]]>
              </value>
            </param>
          </params>
          <reporter-output>
          </reporter-output>
        </test-method> <!-- runScenario -->
        <test-method signature="runScenario(io.cucumber.testng.PickleWrapper,io.cucumber.testng.FeatureWrapper)[pri:0, instance:com.juaracoding.projectJC.Benefit.TestRunner@2fb3536e]" started-at="2022-09-19T15:48:13 WIB" name="runScenario" description="Runs Cucumber Scenarios" data-provider="scenarios" finished-at="2022-09-19T15:48:18 WIB" duration-ms="5099" status="PASS">
          <params>
            <param index="0">
              <value>
                <![CDATA["edit benefit"]]>
              </value>
            </param>
            <param index="1">
              <value>
                <![CDATA["Modul Benefit"]]>
              </value>
            </param>
          </params>
          <reporter-output>
          </reporter-output>
        </test-method> <!-- runScenario -->
        <test-method signature="runScenario(io.cucumber.testng.PickleWrapper,io.cucumber.testng.FeatureWrapper)[pri:0, instance:com.juaracoding.projectJC.Benefit.TestRunner@2fb3536e]" started-at="2022-09-19T15:48:18 WIB" name="runScenario" description="Runs Cucumber Scenarios" data-provider="scenarios" finished-at="2022-09-19T15:48:21 WIB" duration-ms="3191" status="PASS">
          <params>
            <param index="0">
              <value>
                <![CDATA["check data"]]>
              </value>
            </param>
            <param index="1">
              <value>
                <![CDATA["Modul Benefit"]]>
              </value>
            </param>
          </params>
          <reporter-output>
          </reporter-output>
        </test-method> <!-- runScenario -->
        <test-method is-config="true" signature="tearDownClass()[pri:0, instance:com.juaracoding.projectJC.Benefit.TestRunner@2fb3536e]" started-at="2022-09-19T15:48:21 WIB" name="tearDownClass" finished-at="2022-09-19T15:48:24 WIB" duration-ms="2506" status="PASS">
          <reporter-output>
          </reporter-output>
        </test-method> <!-- tearDownClass -->
      </class> <!-- com.juaracoding.projectJC.Benefit.TestRunner -->
    </test> <!-- Default test -->
  </suite> <!-- Default suite -->
</testng-results>
