<?xml version="1.0" encoding="UTF-8"?>
<testng-results ignored="0" total="7" passed="7" failed="0" skipped="0">
  <reporter-output>
  </reporter-output>
  <suite started-at="2022-09-19T21:18:46 WIB" name="Default suite" finished-at="2022-09-19T21:19:30 WIB" duration-ms="43962">
    <groups>
      <group name="cucumber">
        <method signature="AbstractTestNGCucumberTests.runScenario(io.cucumber.testng.PickleWrapper,io.cucumber.testng.FeatureWrapper)[pri:0, instance:com.juaracoding.projectJC.Benefit.TestRunner@2fb3536e]" name="runScenario" class="io.cucumber.testng.AbstractTestNGCucumberTests"/>
      </group> <!-- cucumber -->
    </groups>
    <test started-at="2022-09-19T21:18:46 WIB" name="Default test" finished-at="2022-09-19T21:19:30 WIB" duration-ms="43962">
      <class name="com.juaracoding.projectJC.Benefit.TestRunner">
        <test-method is-config="true" signature="setUpClass(org.testng.ITestContext)[pri:0, instance:com.juaracoding.projectJC.Benefit.TestRunner@2fb3536e]" started-at="2022-09-19T21:18:46 WIB" name="setUpClass" finished-at="2022-09-19T21:18:47 WIB" duration-ms="779" status="PASS">
          <params>
            <param index="0">
              <value>
                <![CDATA[org.testng.TestRunner@76bf1bb8]]>
              </value>
            </param>
          </params>
          <reporter-output>
          </reporter-output>
        </test-method> <!-- setUpClass -->
        <test-method signature="runScenario(io.cucumber.testng.PickleWrapper,io.cucumber.testng.FeatureWrapper)[pri:0, instance:com.juaracoding.projectJC.Benefit.TestRunner@2fb3536e]" started-at="2022-09-19T21:18:47 WIB" name="runScenario" description="Runs Cucumber Scenarios" data-provider="scenarios" finished-at="2022-09-19T21:18:56 WIB" duration-ms="9675" status="PASS">
          <params>
            <param index="0">
              <value>
                <![CDATA["User valid login"]]>
              </value>
            </param>
            <param index="1">
              <value>
                <![CDATA["Login"]]>
              </value>
            </param>
          </params>
          <reporter-output>
          </reporter-output>
        </test-method> <!-- runScenario -->
        <test-method signature="runScenario(io.cucumber.testng.PickleWrapper,io.cucumber.testng.FeatureWrapper)[pri:0, instance:com.juaracoding.projectJC.Benefit.TestRunner@2fb3536e]" started-at="2022-09-19T21:18:56 WIB" name="runScenario" description="Runs Cucumber Scenarios" data-provider="scenarios" finished-at="2022-09-19T21:19:00 WIB" duration-ms="3123" status="PASS">
          <params>
            <param index="0">
              <value>
                <![CDATA["show benefit menu fail"]]>
              </value>
            </param>
            <param index="1">
              <value>
                <![CDATA["Modul Benefit"]]>
              </value>
            </param>
          </params>
          <reporter-output>
          </reporter-output>
        </test-method> <!-- runScenario -->
        <test-method signature="runScenario(io.cucumber.testng.PickleWrapper,io.cucumber.testng.FeatureWrapper)[pri:0, instance:com.juaracoding.projectJC.Benefit.TestRunner@2fb3536e]" started-at="2022-09-19T21:19:00 WIB" name="runScenario" description="Runs Cucumber Scenarios" data-provider="scenarios" finished-at="2022-09-19T21:19:04 WIB" duration-ms="4036" status="PASS">
          <params>
            <param index="0">
              <value>
                <![CDATA["add benefit fail"]]>
              </value>
            </param>
            <param index="1">
              <value>
                <![CDATA["Modul Benefit"]]>
              </value>
            </param>
          </params>
          <reporter-output>
          </reporter-output>
        </test-method> <!-- runScenario -->
        <test-method signature="runScenario(io.cucumber.testng.PickleWrapper,io.cucumber.testng.FeatureWrapper)[pri:0, instance:com.juaracoding.projectJC.Benefit.TestRunner@2fb3536e]" started-at="2022-09-19T21:19:04 WIB" name="runScenario" description="Runs Cucumber Scenarios" data-provider="scenarios" finished-at="2022-09-19T21:19:10 WIB" duration-ms="6635" status="PASS">
          <params>
            <param index="0">
              <value>
                <![CDATA["show benefit menu"]]>
              </value>
            </param>
            <param index="1">
              <value>
                <![CDATA["Modul Benefit"]]>
              </value>
            </param>
          </params>
          <reporter-output>
          </reporter-output>
        </test-method> <!-- runScenario -->
        <test-method signature="runScenario(io.cucumber.testng.PickleWrapper,io.cucumber.testng.FeatureWrapper)[pri:0, instance:com.juaracoding.projectJC.Benefit.TestRunner@2fb3536e]" started-at="2022-09-19T21:19:10 WIB" name="runScenario" description="Runs Cucumber Scenarios" data-provider="scenarios" finished-at="2022-09-19T21:19:19 WIB" duration-ms="9022" status="PASS">
          <params>
            <param index="0">
              <value>
                <![CDATA["add benefit"]]>
              </value>
            </param>
            <param index="1">
              <value>
                <![CDATA["Modul Benefit"]]>
              </value>
            </param>
          </params>
          <reporter-output>
          </reporter-output>
        </test-method> <!-- runScenario -->
        <test-method signature="runScenario(io.cucumber.testng.PickleWrapper,io.cucumber.testng.FeatureWrapper)[pri:0, instance:com.juaracoding.projectJC.Benefit.TestRunner@2fb3536e]" started-at="2022-09-19T21:19:19 WIB" name="runScenario" description="Runs Cucumber Scenarios" data-provider="scenarios" finished-at="2022-09-19T21:19:25 WIB" duration-ms="5329" status="PASS">
          <params>
            <param index="0">
              <value>
                <![CDATA["edit benefit"]]>
              </value>
            </param>
            <param index="1">
              <value>
                <![CDATA["Modul Benefit"]]>
              </value>
            </param>
          </params>
          <reporter-output>
          </reporter-output>
        </test-method> <!-- runScenario -->
        <test-method signature="runScenario(io.cucumber.testng.PickleWrapper,io.cucumber.testng.FeatureWrapper)[pri:0, instance:com.juaracoding.projectJC.Benefit.TestRunner@2fb3536e]" started-at="2022-09-19T21:19:25 WIB" name="runScenario" description="Runs Cucumber Scenarios" data-provider="scenarios" finished-at="2022-09-19T21:19:27 WIB" duration-ms="2847" status="PASS">
          <params>
            <param index="0">
              <value>
                <![CDATA["check data"]]>
              </value>
            </param>
            <param index="1">
              <value>
                <![CDATA["Modul Benefit"]]>
              </value>
            </param>
          </params>
          <reporter-output>
          </reporter-output>
        </test-method> <!-- runScenario -->
        <test-method is-config="true" signature="tearDownClass()[pri:0, instance:com.juaracoding.projectJC.Benefit.TestRunner@2fb3536e]" started-at="2022-09-19T21:19:27 WIB" name="tearDownClass" finished-at="2022-09-19T21:19:30 WIB" duration-ms="2439" status="PASS">
          <reporter-output>
          </reporter-output>
        </test-method> <!-- tearDownClass -->
      </class> <!-- com.juaracoding.projectJC.Benefit.TestRunner -->
    </test> <!-- Default test -->
  </suite> <!-- Default suite -->
</testng-results>
