<?xml version="1.0" encoding="UTF-8"?>
<testng-results ignored="0" total="4" passed="4" failed="0" skipped="0">
  <reporter-output>
  </reporter-output>
  <suite started-at="2022-09-12T18:06:49 WIB" name="Default suite" finished-at="2022-09-12T18:07:17 WIB" duration-ms="27955">
    <groups>
      <group name="cucumber">
        <method signature="AbstractTestNGCucumberTests.runScenario(io.cucumber.testng.PickleWrapper,io.cucumber.testng.FeatureWrapper)[pri:0, instance:com.juaracoding.projectJC.About.TestRunner@61df66b6]" name="runScenario" class="io.cucumber.testng.AbstractTestNGCucumberTests"/>
      </group> <!-- cucumber -->
    </groups>
    <test started-at="2022-09-12T18:06:49 WIB" name="Default test" finished-at="2022-09-12T18:07:17 WIB" duration-ms="27955">
      <class name="com.juaracoding.projectJC.About.TestRunner">
        <test-method is-config="true" signature="setUpClass(org.testng.ITestContext)[pri:0, instance:com.juaracoding.projectJC.About.TestRunner@61df66b6]" started-at="2022-09-12T18:06:49 WIB" name="setUpClass" finished-at="2022-09-12T18:06:50 WIB" duration-ms="433" status="PASS">
          <params>
            <param index="0">
              <value>
                <![CDATA[org.testng.TestRunner@1b1c538d]]>
              </value>
            </param>
          </params>
          <reporter-output>
          </reporter-output>
        </test-method> <!-- setUpClass -->
        <test-method signature="runScenario(io.cucumber.testng.PickleWrapper,io.cucumber.testng.FeatureWrapper)[pri:0, instance:com.juaracoding.projectJC.About.TestRunner@61df66b6]" started-at="2022-09-12T18:06:50 WIB" name="runScenario" description="Runs Cucumber Scenarios" data-provider="scenarios" finished-at="2022-09-12T18:07:00 WIB" duration-ms="10499" status="PASS">
          <params>
            <param index="0">
              <value>
                <![CDATA["User valid login"]]>
              </value>
            </param>
            <param index="1">
              <value>
                <![CDATA["Login"]]>
              </value>
            </param>
          </params>
          <reporter-output>
          </reporter-output>
        </test-method> <!-- runScenario -->
        <test-method signature="runScenario(io.cucumber.testng.PickleWrapper,io.cucumber.testng.FeatureWrapper)[pri:0, instance:com.juaracoding.projectJC.About.TestRunner@61df66b6]" started-at="2022-09-12T18:07:00 WIB" name="runScenario" description="Runs Cucumber Scenarios" data-provider="scenarios" finished-at="2022-09-12T18:07:10 WIB" duration-ms="10062" status="PASS">
          <params>
            <param index="0">
              <value>
                <![CDATA["show about menu"]]>
              </value>
            </param>
            <param index="1">
              <value>
                <![CDATA["Modul About"]]>
              </value>
            </param>
          </params>
          <reporter-output>
          </reporter-output>
        </test-method> <!-- runScenario -->
        <test-method signature="runScenario(io.cucumber.testng.PickleWrapper,io.cucumber.testng.FeatureWrapper)[pri:0, instance:com.juaracoding.projectJC.About.TestRunner@61df66b6]" started-at="2022-09-12T18:07:10 WIB" name="runScenario" description="Runs Cucumber Scenarios" data-provider="scenarios" finished-at="2022-09-12T18:07:14 WIB" duration-ms="3294" status="PASS">
          <params>
            <param index="0">
              <value>
                <![CDATA["add trainer"]]>
              </value>
            </param>
            <param index="1">
              <value>
                <![CDATA["Modul About"]]>
              </value>
            </param>
          </params>
          <reporter-output>
          </reporter-output>
        </test-method> <!-- runScenario -->
        <test-method signature="runScenario(io.cucumber.testng.PickleWrapper,io.cucumber.testng.FeatureWrapper)[pri:0, instance:com.juaracoding.projectJC.About.TestRunner@61df66b6]" started-at="2022-09-12T18:07:14 WIB" name="runScenario" description="Runs Cucumber Scenarios" data-provider="scenarios" finished-at="2022-09-12T18:07:15 WIB" duration-ms="1480" status="PASS">
          <params>
            <param index="0">
              <value>
                <![CDATA["check data"]]>
              </value>
            </param>
            <param index="1">
              <value>
                <![CDATA["Modul About"]]>
              </value>
            </param>
          </params>
          <reporter-output>
          </reporter-output>
        </test-method> <!-- runScenario -->
        <test-method is-config="true" signature="tearDownClass()[pri:0, instance:com.juaracoding.projectJC.About.TestRunner@61df66b6]" started-at="2022-09-12T18:07:15 WIB" name="tearDownClass" finished-at="2022-09-12T18:07:17 WIB" duration-ms="2152" status="PASS">
          <reporter-output>
          </reporter-output>
        </test-method> <!-- tearDownClass -->
      </class> <!-- com.juaracoding.projectJC.About.TestRunner -->
    </test> <!-- Default test -->
  </suite> <!-- Default suite -->
</testng-results>
