<?xml version="1.0" encoding="UTF-8"?>
<testng-results ignored="0" total="4" passed="1" failed="3" skipped="0">
  <reporter-output>
  </reporter-output>
  <suite started-at="2022-09-16T01:51:09 WIB" name="Default suite" finished-at="2022-09-16T01:51:19 WIB" duration-ms="10244">
    <groups>
      <group name="cucumber">
        <method signature="AbstractTestNGCucumberTests.runScenario(io.cucumber.testng.PickleWrapper,io.cucumber.testng.FeatureWrapper)[pri:0, instance:com.juaracoding.projectJC.Rincianbiaya.TestRunner@6adbc9d]" name="runScenario" class="io.cucumber.testng.AbstractTestNGCucumberTests"/>
      </group> <!-- cucumber -->
    </groups>
    <test started-at="2022-09-16T01:51:09 WIB" name="Default test" finished-at="2022-09-16T01:51:19 WIB" duration-ms="10244">
      <class name="com.juaracoding.projectJC.Rincianbiaya.TestRunner">
        <test-method is-config="true" signature="setUpClass(org.testng.ITestContext)[pri:0, instance:com.juaracoding.projectJC.Rincianbiaya.TestRunner@6adbc9d]" started-at="2022-09-16T01:51:09 WIB" name="setUpClass" finished-at="2022-09-16T01:51:10 WIB" duration-ms="926" status="PASS">
          <params>
            <param index="0">
              <value>
                <![CDATA[org.testng.TestRunner@66b59b7d]]>
              </value>
            </param>
          </params>
          <reporter-output>
          </reporter-output>
        </test-method> <!-- setUpClass -->
        <test-method signature="runScenario(io.cucumber.testng.PickleWrapper,io.cucumber.testng.FeatureWrapper)[pri:0, instance:com.juaracoding.projectJC.Rincianbiaya.TestRunner@6adbc9d]" started-at="2022-09-16T01:51:10 WIB" name="runScenario" description="Runs Cucumber Scenarios" data-provider="scenarios" finished-at="2022-09-16T01:51:16 WIB" duration-ms="6644" status="PASS">
          <params>
            <param index="0">
              <value>
                <![CDATA["User valid login"]]>
              </value>
            </param>
            <param index="1">
              <value>
                <![CDATA["Login Admin"]]>
              </value>
            </param>
          </params>
          <reporter-output>
          </reporter-output>
        </test-method> <!-- runScenario -->
        <test-method signature="runScenario(io.cucumber.testng.PickleWrapper,io.cucumber.testng.FeatureWrapper)[pri:0, instance:com.juaracoding.projectJC.Rincianbiaya.TestRunner@6adbc9d]" started-at="2022-09-16T01:51:16 WIB" name="runScenario" description="Runs Cucumber Scenarios" data-provider="scenarios" finished-at="2022-09-16T01:51:16 WIB" duration-ms="91" status="FAIL">
          <params>
            <param index="0">
              <value>
                <![CDATA["show rincianbiaya menu"]]>
              </value>
            </param>
            <param index="1">
              <value>
                <![CDATA["Modul Rincianbiaya"]]>
              </value>
            </param>
          </params>
          <exception class="java.lang.ArrayIndexOutOfBoundsException">
            <message>
              <![CDATA[Index 1 out of bounds for length 1]]>
            </message>
            <full-stacktrace>
              <![CDATA[java.lang.ArrayIndexOutOfBoundsException: Index 1 out of bounds for length 1
at com.juaracoding.projectJC.Rincianbiaya.Hooks.setup(Hooks.java:34)
]]>
            </full-stacktrace>
          </exception> <!-- java.lang.ArrayIndexOutOfBoundsException -->
          <reporter-output>
          </reporter-output>
        </test-method> <!-- runScenario -->
        <test-method signature="runScenario(io.cucumber.testng.PickleWrapper,io.cucumber.testng.FeatureWrapper)[pri:0, instance:com.juaracoding.projectJC.Rincianbiaya.TestRunner@6adbc9d]" started-at="2022-09-16T01:51:16 WIB" name="runScenario" description="Runs Cucumber Scenarios" data-provider="scenarios" finished-at="2022-09-16T01:51:17 WIB" duration-ms="199" status="FAIL">
          <params>
            <param index="0">
              <value>
                <![CDATA["add rincianbiaya"]]>
              </value>
            </param>
            <param index="1">
              <value>
                <![CDATA["Modul Rincianbiaya"]]>
              </value>
            </param>
          </params>
          <exception class="java.lang.ArrayIndexOutOfBoundsException">
            <message>
              <![CDATA[Index 1 out of bounds for length 1]]>
            </message>
            <full-stacktrace>
              <![CDATA[java.lang.ArrayIndexOutOfBoundsException: Index 1 out of bounds for length 1
at com.juaracoding.projectJC.Rincianbiaya.Hooks.setup(Hooks.java:34)
]]>
            </full-stacktrace>
          </exception> <!-- java.lang.ArrayIndexOutOfBoundsException -->
          <reporter-output>
          </reporter-output>
        </test-method> <!-- runScenario -->
        <test-method signature="runScenario(io.cucumber.testng.PickleWrapper,io.cucumber.testng.FeatureWrapper)[pri:0, instance:com.juaracoding.projectJC.Rincianbiaya.TestRunner@6adbc9d]" started-at="2022-09-16T01:51:17 WIB" name="runScenario" description="Runs Cucumber Scenarios" data-provider="scenarios" finished-at="2022-09-16T01:51:17 WIB" duration-ms="79" status="FAIL">
          <params>
            <param index="0">
              <value>
                <![CDATA["check data valid"]]>
              </value>
            </param>
            <param index="1">
              <value>
                <![CDATA["Modul Rincianbiaya"]]>
              </value>
            </param>
          </params>
          <exception class="java.lang.ArrayIndexOutOfBoundsException">
            <message>
              <![CDATA[Index 1 out of bounds for length 1]]>
            </message>
            <full-stacktrace>
              <![CDATA[java.lang.ArrayIndexOutOfBoundsException: Index 1 out of bounds for length 1
at com.juaracoding.projectJC.Rincianbiaya.Hooks.setup(Hooks.java:34)
]]>
            </full-stacktrace>
          </exception> <!-- java.lang.ArrayIndexOutOfBoundsException -->
          <reporter-output>
          </reporter-output>
        </test-method> <!-- runScenario -->
        <test-method is-config="true" signature="tearDownClass()[pri:0, instance:com.juaracoding.projectJC.Rincianbiaya.TestRunner@6adbc9d]" started-at="2022-09-16T01:51:17 WIB" name="tearDownClass" finished-at="2022-09-16T01:51:19 WIB" duration-ms="2243" status="PASS">
          <reporter-output>
          </reporter-output>
        </test-method> <!-- tearDownClass -->
      </class> <!-- com.juaracoding.projectJC.Rincianbiaya.TestRunner -->
    </test> <!-- Default test -->
  </suite> <!-- Default suite -->
</testng-results>
