<?xml version="1.0" encoding="UTF-8"?>
<testng-results ignored="0" total="5" passed="5" failed="0" skipped="0">
  <reporter-output>
  </reporter-output>
  <suite started-at="2022-09-15T09:44:53 WIB" name="Default suite" finished-at="2022-09-15T09:45:16 WIB" duration-ms="22501">
    <groups>
      <group name="cucumber">
        <method signature="AbstractTestNGCucumberTests.runScenario(io.cucumber.testng.PickleWrapper,io.cucumber.testng.FeatureWrapper)[pri:0, instance:com.juaracoding.projectJC.Login.TestRunner@2fb3536e]" name="runScenario" class="io.cucumber.testng.AbstractTestNGCucumberTests"/>
      </group> <!-- cucumber -->
    </groups>
    <test started-at="2022-09-15T09:44:53 WIB" name="Default test" finished-at="2022-09-15T09:45:16 WIB" duration-ms="22501">
      <class name="com.juaracoding.projectJC.Login.TestRunner">
        <test-method is-config="true" signature="setUpClass(org.testng.ITestContext)[pri:0, instance:com.juaracoding.projectJC.Login.TestRunner@2fb3536e]" started-at="2022-09-15T09:44:53 WIB" name="setUpClass" finished-at="2022-09-15T09:44:54 WIB" duration-ms="693" status="PASS">
          <params>
            <param index="0">
              <value>
                <![CDATA[org.testng.TestRunner@2e7157c7]]>
              </value>
            </param>
          </params>
          <reporter-output>
          </reporter-output>
        </test-method> <!-- setUpClass -->
        <test-method signature="runScenario(io.cucumber.testng.PickleWrapper,io.cucumber.testng.FeatureWrapper)[pri:0, instance:com.juaracoding.projectJC.Login.TestRunner@2fb3536e]" started-at="2022-09-15T09:44:54 WIB" name="runScenario" description="Runs Cucumber Scenarios" data-provider="scenarios" finished-at="2022-09-15T09:45:01 WIB" duration-ms="7268" status="PASS">
          <params>
            <param index="0">
              <value>
                <![CDATA["Invalid username password"]]>
              </value>
            </param>
            <param index="1">
              <value>
                <![CDATA["Login Admin"]]>
              </value>
            </param>
          </params>
          <reporter-output>
          </reporter-output>
        </test-method> <!-- runScenario -->
        <test-method signature="runScenario(io.cucumber.testng.PickleWrapper,io.cucumber.testng.FeatureWrapper)[pri:0, instance:com.juaracoding.projectJC.Login.TestRunner@2fb3536e]" started-at="2022-09-15T09:45:01 WIB" name="runScenario" description="Runs Cucumber Scenarios" data-provider="scenarios" finished-at="2022-09-15T09:45:03 WIB" duration-ms="2433" status="PASS">
          <params>
            <param index="0">
              <value>
                <![CDATA["Invalid username"]]>
              </value>
            </param>
            <param index="1">
              <value>
                <![CDATA["Login Admin"]]>
              </value>
            </param>
          </params>
          <reporter-output>
          </reporter-output>
        </test-method> <!-- runScenario -->
        <test-method signature="runScenario(io.cucumber.testng.PickleWrapper,io.cucumber.testng.FeatureWrapper)[pri:0, instance:com.juaracoding.projectJC.Login.TestRunner@2fb3536e]" started-at="2022-09-15T09:45:03 WIB" name="runScenario" description="Runs Cucumber Scenarios" data-provider="scenarios" finished-at="2022-09-15T09:45:06 WIB" duration-ms="2752" status="PASS">
          <params>
            <param index="0">
              <value>
                <![CDATA["Invalid password"]]>
              </value>
            </param>
            <param index="1">
              <value>
                <![CDATA["Login Admin"]]>
              </value>
            </param>
          </params>
          <reporter-output>
          </reporter-output>
        </test-method> <!-- runScenario -->
        <test-method signature="runScenario(io.cucumber.testng.PickleWrapper,io.cucumber.testng.FeatureWrapper)[pri:0, instance:com.juaracoding.projectJC.Login.TestRunner@2fb3536e]" started-at="2022-09-15T09:45:06 WIB" name="runScenario" description="Runs Cucumber Scenarios" data-provider="scenarios" finished-at="2022-09-15T09:45:10 WIB" duration-ms="3392" status="PASS">
          <params>
            <param index="0">
              <value>
                <![CDATA["Username and password null"]]>
              </value>
            </param>
            <param index="1">
              <value>
                <![CDATA["Login Admin"]]>
              </value>
            </param>
          </params>
          <reporter-output>
          </reporter-output>
        </test-method> <!-- runScenario -->
        <test-method signature="runScenario(io.cucumber.testng.PickleWrapper,io.cucumber.testng.FeatureWrapper)[pri:0, instance:com.juaracoding.projectJC.Login.TestRunner@2fb3536e]" started-at="2022-09-15T09:45:10 WIB" name="runScenario" description="Runs Cucumber Scenarios" data-provider="scenarios" finished-at="2022-09-15T09:45:13 WIB" duration-ms="3521" status="PASS">
          <params>
            <param index="0">
              <value>
                <![CDATA["User valid login"]]>
              </value>
            </param>
            <param index="1">
              <value>
                <![CDATA["Login Admin"]]>
              </value>
            </param>
          </params>
          <reporter-output>
          </reporter-output>
        </test-method> <!-- runScenario -->
        <test-method is-config="true" signature="tearDownClass()[pri:0, instance:com.juaracoding.projectJC.Login.TestRunner@2fb3536e]" started-at="2022-09-15T09:45:13 WIB" name="tearDownClass" finished-at="2022-09-15T09:45:16 WIB" duration-ms="2381" status="PASS">
          <reporter-output>
          </reporter-output>
        </test-method> <!-- tearDownClass -->
      </class> <!-- com.juaracoding.projectJC.Login.TestRunner -->
    </test> <!-- Default test -->
  </suite> <!-- Default suite -->
</testng-results>
