<?xml version="1.0" encoding="UTF-8"?>
<testng-results ignored="0" total="9" passed="9" failed="0" skipped="0">
  <reporter-output>
  </reporter-output>
  <suite started-at="2022-09-15T22:31:43 WIB" name="Default suite" finished-at="2022-09-15T22:34:36 WIB" duration-ms="173180">
    <groups>
      <group name="cucumber">
        <method signature="AbstractTestNGCucumberTests.runScenario(io.cucumber.testng.PickleWrapper,io.cucumber.testng.FeatureWrapper)[pri:0, instance:com.juaracoding.projectJC.About.TestRunner@61df66b6]" name="runScenario" class="io.cucumber.testng.AbstractTestNGCucumberTests"/>
      </group> <!-- cucumber -->
    </groups>
    <test started-at="2022-09-15T22:31:43 WIB" name="Default test" finished-at="2022-09-15T22:34:36 WIB" duration-ms="173180">
      <class name="com.juaracoding.projectJC.About.TestRunner">
        <test-method is-config="true" signature="setUpClass(org.testng.ITestContext)[pri:0, instance:com.juaracoding.projectJC.About.TestRunner@61df66b6]" started-at="2022-09-15T22:31:43 WIB" name="setUpClass" finished-at="2022-09-15T22:31:44 WIB" duration-ms="403" status="PASS">
          <params>
            <param index="0">
              <value>
                <![CDATA[org.testng.TestRunner@6cd15072]]>
              </value>
            </param>
          </params>
          <reporter-output>
          </reporter-output>
        </test-method> <!-- setUpClass -->
        <test-method signature="runScenario(io.cucumber.testng.PickleWrapper,io.cucumber.testng.FeatureWrapper)[pri:0, instance:com.juaracoding.projectJC.About.TestRunner@61df66b6]" started-at="2022-09-15T22:31:44 WIB" name="runScenario" description="Runs Cucumber Scenarios" data-provider="scenarios" finished-at="2022-09-15T22:31:51 WIB" duration-ms="7619" status="PASS">
          <params>
            <param index="0">
              <value>
                <![CDATA["User valid login"]]>
              </value>
            </param>
            <param index="1">
              <value>
                <![CDATA["Login"]]>
              </value>
            </param>
          </params>
          <reporter-output>
          </reporter-output>
        </test-method> <!-- runScenario -->
        <test-method signature="runScenario(io.cucumber.testng.PickleWrapper,io.cucumber.testng.FeatureWrapper)[pri:0, instance:com.juaracoding.projectJC.About.TestRunner@61df66b6]" started-at="2022-09-15T22:31:51 WIB" name="runScenario" description="Runs Cucumber Scenarios" data-provider="scenarios" finished-at="2022-09-15T22:32:07 WIB" duration-ms="15487" status="PASS">
          <params>
            <param index="0">
              <value>
                <![CDATA["show about menu"]]>
              </value>
            </param>
            <param index="1">
              <value>
                <![CDATA["Modul About"]]>
              </value>
            </param>
          </params>
          <reporter-output>
          </reporter-output>
        </test-method> <!-- runScenario -->
        <test-method signature="runScenario(io.cucumber.testng.PickleWrapper,io.cucumber.testng.FeatureWrapper)[pri:0, instance:com.juaracoding.projectJC.About.TestRunner@61df66b6]" started-at="2022-09-15T22:32:07 WIB" name="runScenario" description="Runs Cucumber Scenarios" data-provider="scenarios" finished-at="2022-09-15T22:32:21 WIB" duration-ms="14475" status="PASS">
          <params>
            <param index="0">
              <value>
                <![CDATA["edit about invalid delete name"]]>
              </value>
            </param>
            <param index="1">
              <value>
                <![CDATA["Modul About"]]>
              </value>
            </param>
          </params>
          <reporter-output>
          </reporter-output>
        </test-method> <!-- runScenario -->
        <test-method signature="runScenario(io.cucumber.testng.PickleWrapper,io.cucumber.testng.FeatureWrapper)[pri:0, instance:com.juaracoding.projectJC.About.TestRunner@61df66b6]" started-at="2022-09-15T22:32:21 WIB" name="runScenario" description="Runs Cucumber Scenarios" data-provider="scenarios" finished-at="2022-09-15T22:32:33 WIB" duration-ms="11920" status="PASS">
          <params>
            <param index="0">
              <value>
                <![CDATA["edit about invalid delete jabatan"]]>
              </value>
            </param>
            <param index="1">
              <value>
                <![CDATA["Modul About"]]>
              </value>
            </param>
          </params>
          <reporter-output>
          </reporter-output>
        </test-method> <!-- runScenario -->
        <test-method signature="runScenario(io.cucumber.testng.PickleWrapper,io.cucumber.testng.FeatureWrapper)[pri:0, instance:com.juaracoding.projectJC.About.TestRunner@61df66b6]" started-at="2022-09-15T22:32:33 WIB" name="runScenario" description="Runs Cucumber Scenarios" data-provider="scenarios" finished-at="2022-09-15T22:32:46 WIB" duration-ms="12371" status="PASS">
          <params>
            <param index="0">
              <value>
                <![CDATA["edit about invalid delete text profile"]]>
              </value>
            </param>
            <param index="1">
              <value>
                <![CDATA["Modul About"]]>
              </value>
            </param>
          </params>
          <reporter-output>
          </reporter-output>
        </test-method> <!-- runScenario -->
        <test-method signature="runScenario(io.cucumber.testng.PickleWrapper,io.cucumber.testng.FeatureWrapper)[pri:0, instance:com.juaracoding.projectJC.About.TestRunner@61df66b6]" started-at="2022-09-15T22:32:46 WIB" name="runScenario" description="Runs Cucumber Scenarios" data-provider="scenarios" finished-at="2022-09-15T22:33:01 WIB" duration-ms="15369" status="PASS">
          <params>
            <param index="0">
              <value>
                <![CDATA["edit about valid change data"]]>
              </value>
            </param>
            <param index="1">
              <value>
                <![CDATA["Modul About"]]>
              </value>
            </param>
          </params>
          <reporter-output>
          </reporter-output>
        </test-method> <!-- runScenario -->
        <test-method signature="runScenario(io.cucumber.testng.PickleWrapper,io.cucumber.testng.FeatureWrapper)[pri:0, instance:com.juaracoding.projectJC.About.TestRunner@61df66b6]" started-at="2022-09-15T22:33:01 WIB" name="runScenario" description="Runs Cucumber Scenarios" data-provider="scenarios" finished-at="2022-09-15T22:33:56 WIB" duration-ms="55293" status="PASS">
          <params>
            <param index="0">
              <value>
                <![CDATA["add about invalid"]]>
              </value>
            </param>
            <param index="1">
              <value>
                <![CDATA["Modul About"]]>
              </value>
            </param>
          </params>
          <reporter-output>
          </reporter-output>
        </test-method> <!-- runScenario -->
        <test-method signature="runScenario(io.cucumber.testng.PickleWrapper,io.cucumber.testng.FeatureWrapper)[pri:0, instance:com.juaracoding.projectJC.About.TestRunner@61df66b6]" started-at="2022-09-15T22:33:56 WIB" name="runScenario" description="Runs Cucumber Scenarios" data-provider="scenarios" finished-at="2022-09-15T22:34:16 WIB" duration-ms="19632" status="PASS">
          <params>
            <param index="0">
              <value>
                <![CDATA["add about valid"]]>
              </value>
            </param>
            <param index="1">
              <value>
                <![CDATA["Modul About"]]>
              </value>
            </param>
          </params>
          <reporter-output>
          </reporter-output>
        </test-method> <!-- runScenario -->
        <test-method signature="runScenario(io.cucumber.testng.PickleWrapper,io.cucumber.testng.FeatureWrapper)[pri:0, instance:com.juaracoding.projectJC.About.TestRunner@61df66b6]" started-at="2022-09-15T22:34:16 WIB" name="runScenario" description="Runs Cucumber Scenarios" data-provider="scenarios" finished-at="2022-09-15T22:34:34 WIB" duration-ms="18161" status="PASS">
          <params>
            <param index="0">
              <value>
                <![CDATA["check data"]]>
              </value>
            </param>
            <param index="1">
              <value>
                <![CDATA["Modul About"]]>
              </value>
            </param>
          </params>
          <reporter-output>
          </reporter-output>
        </test-method> <!-- runScenario -->
        <test-method is-config="true" signature="tearDownClass()[pri:0, instance:com.juaracoding.projectJC.About.TestRunner@61df66b6]" started-at="2022-09-15T22:34:34 WIB" name="tearDownClass" finished-at="2022-09-15T22:34:36 WIB" duration-ms="2409" status="PASS">
          <reporter-output>
          </reporter-output>
        </test-method> <!-- tearDownClass -->
      </class> <!-- com.juaracoding.projectJC.About.TestRunner -->
    </test> <!-- Default test -->
  </suite> <!-- Default suite -->
</testng-results>
