<?xml version="1.0" encoding="UTF-8"?>
<testng-results ignored="0" total="6" passed="6" failed="0" skipped="0">
  <reporter-output>
  </reporter-output>
  <suite started-at="2022-09-19T20:36:04 WIB" name="Default suite" finished-at="2022-09-19T20:36:36 WIB" duration-ms="31724">
    <groups>
      <group name="cucumber">
        <method signature="AbstractTestNGCucumberTests.runScenario(io.cucumber.testng.PickleWrapper,io.cucumber.testng.FeatureWrapper)[pri:0, instance:com.juaracoding.projectJC.ModulLogin.TestRunner@2fb3536e]" name="runScenario" class="io.cucumber.testng.AbstractTestNGCucumberTests"/>
      </group> <!-- cucumber -->
    </groups>
    <test started-at="2022-09-19T20:36:04 WIB" name="Default test" finished-at="2022-09-19T20:36:36 WIB" duration-ms="31724">
      <class name="com.juaracoding.projectJC.ModulLogin.TestRunner">
        <test-method is-config="true" signature="setUpClass(org.testng.ITestContext)[pri:0, instance:com.juaracoding.projectJC.ModulLogin.TestRunner@2fb3536e]" started-at="2022-09-19T20:36:04 WIB" name="setUpClass" finished-at="2022-09-19T20:36:06 WIB" duration-ms="1467" status="PASS">
          <params>
            <param index="0">
              <value>
                <![CDATA[org.testng.TestRunner@3330f3ad]]>
              </value>
            </param>
          </params>
          <reporter-output>
          </reporter-output>
        </test-method> <!-- setUpClass -->
        <test-method signature="runScenario(io.cucumber.testng.PickleWrapper,io.cucumber.testng.FeatureWrapper)[pri:0, instance:com.juaracoding.projectJC.ModulLogin.TestRunner@2fb3536e]" started-at="2022-09-19T20:36:06 WIB" name="runScenario" description="Runs Cucumber Scenarios" data-provider="scenarios" finished-at="2022-09-19T20:36:14 WIB" duration-ms="8597" status="PASS">
          <params>
            <param index="0">
              <value>
                <![CDATA["Invalid username password"]]>
              </value>
            </param>
            <param index="1">
              <value>
                <![CDATA["Login Admin"]]>
              </value>
            </param>
          </params>
          <reporter-output>
          </reporter-output>
        </test-method> <!-- runScenario -->
        <test-method signature="runScenario(io.cucumber.testng.PickleWrapper,io.cucumber.testng.FeatureWrapper)[pri:0, instance:com.juaracoding.projectJC.ModulLogin.TestRunner@2fb3536e]" started-at="2022-09-19T20:36:14 WIB" name="runScenario" description="Runs Cucumber Scenarios" data-provider="scenarios" finished-at="2022-09-19T20:36:17 WIB" duration-ms="2820" status="PASS">
          <params>
            <param index="0">
              <value>
                <![CDATA["Invalid username"]]>
              </value>
            </param>
            <param index="1">
              <value>
                <![CDATA["Login Admin"]]>
              </value>
            </param>
          </params>
          <reporter-output>
          </reporter-output>
        </test-method> <!-- runScenario -->
        <test-method signature="runScenario(io.cucumber.testng.PickleWrapper,io.cucumber.testng.FeatureWrapper)[pri:0, instance:com.juaracoding.projectJC.ModulLogin.TestRunner@2fb3536e]" started-at="2022-09-19T20:36:17 WIB" name="runScenario" description="Runs Cucumber Scenarios" data-provider="scenarios" finished-at="2022-09-19T20:36:20 WIB" duration-ms="2711" status="PASS">
          <params>
            <param index="0">
              <value>
                <![CDATA["Invalid password"]]>
              </value>
            </param>
            <param index="1">
              <value>
                <![CDATA["Login Admin"]]>
              </value>
            </param>
          </params>
          <reporter-output>
          </reporter-output>
        </test-method> <!-- runScenario -->
        <test-method signature="runScenario(io.cucumber.testng.PickleWrapper,io.cucumber.testng.FeatureWrapper)[pri:0, instance:com.juaracoding.projectJC.ModulLogin.TestRunner@2fb3536e]" started-at="2022-09-19T20:36:20 WIB" name="runScenario" description="Runs Cucumber Scenarios" data-provider="scenarios" finished-at="2022-09-19T20:36:23 WIB" duration-ms="3691" status="PASS">
          <params>
            <param index="0">
              <value>
                <![CDATA["Username and password null"]]>
              </value>
            </param>
            <param index="1">
              <value>
                <![CDATA["Login Admin"]]>
              </value>
            </param>
          </params>
          <reporter-output>
          </reporter-output>
        </test-method> <!-- runScenario -->
        <test-method signature="runScenario(io.cucumber.testng.PickleWrapper,io.cucumber.testng.FeatureWrapper)[pri:0, instance:com.juaracoding.projectJC.ModulLogin.TestRunner@2fb3536e]" started-at="2022-09-19T20:36:23 WIB" name="runScenario" description="Runs Cucumber Scenarios" data-provider="scenarios" finished-at="2022-09-19T20:36:29 WIB" duration-ms="5911" status="PASS">
          <params>
            <param index="0">
              <value>
                <![CDATA["User valid login"]]>
              </value>
            </param>
            <param index="1">
              <value>
                <![CDATA["Login Admin"]]>
              </value>
            </param>
          </params>
          <reporter-output>
          </reporter-output>
        </test-method> <!-- runScenario -->
        <test-method signature="runScenario(io.cucumber.testng.PickleWrapper,io.cucumber.testng.FeatureWrapper)[pri:0, instance:com.juaracoding.projectJC.ModulLogin.TestRunner@2fb3536e]" started-at="2022-09-19T20:36:29 WIB" name="runScenario" description="Runs Cucumber Scenarios" data-provider="scenarios" finished-at="2022-09-19T20:36:33 WIB" duration-ms="3421" status="PASS">
          <params>
            <param index="0">
              <value>
                <![CDATA["Logout"]]>
              </value>
            </param>
            <param index="1">
              <value>
                <![CDATA["Login Admin"]]>
              </value>
            </param>
          </params>
          <reporter-output>
          </reporter-output>
        </test-method> <!-- runScenario -->
        <test-method is-config="true" signature="tearDownClass()[pri:0, instance:com.juaracoding.projectJC.ModulLogin.TestRunner@2fb3536e]" started-at="2022-09-19T20:36:33 WIB" name="tearDownClass" finished-at="2022-09-19T20:36:36 WIB" duration-ms="2981" status="PASS">
          <reporter-output>
          </reporter-output>
        </test-method> <!-- tearDownClass -->
      </class> <!-- com.juaracoding.projectJC.ModulLogin.TestRunner -->
    </test> <!-- Default test -->
  </suite> <!-- Default suite -->
</testng-results>
