<?xml version="1.0" encoding="UTF-8"?>
<testng-results ignored="0" total="10" passed="10" failed="0" skipped="0">
  <reporter-output>
  </reporter-output>
  <suite started-at="2022-09-18T00:05:12 WIB" name="Default suite" finished-at="2022-09-18T00:14:34 WIB" duration-ms="562318">
    <groups>
      <group name="cucumber">
        <method signature="AbstractTestNGCucumberTests.runScenario(io.cucumber.testng.PickleWrapper,io.cucumber.testng.FeatureWrapper)[pri:0, instance:com.juaracoding.projectJC.web_admin.step_definitions.TestRunnerSearchContact@708f5957]" name="runScenario" class="io.cucumber.testng.AbstractTestNGCucumberTests"/>
      </group> <!-- cucumber -->
    </groups>
    <test started-at="2022-09-18T00:05:12 WIB" name="Default test" finished-at="2022-09-18T00:14:34 WIB" duration-ms="562318">
      <class name="com.juaracoding.projectJC.web_admin.step_definitions.TestRunnerSearchContact">
        <test-method is-config="true" signature="setUpClass(org.testng.ITestContext)[pri:0, instance:com.juaracoding.projectJC.web_admin.step_definitions.TestRunnerSearchContact@708f5957]" started-at="2022-09-18T00:05:12 WIB" name="setUpClass" finished-at="2022-09-18T00:05:13 WIB" duration-ms="1075" status="PASS">
          <params>
            <param index="0">
              <value>
                <![CDATA[org.testng.TestRunner@472d0f4]]>
              </value>
            </param>
          </params>
          <reporter-output>
          </reporter-output>
        </test-method> <!-- setUpClass -->
        <test-method signature="runScenario(io.cucumber.testng.PickleWrapper,io.cucumber.testng.FeatureWrapper)[pri:0, instance:com.juaracoding.projectJC.web_admin.step_definitions.TestRunnerSearchContact@708f5957]" started-at="2022-09-18T00:05:13 WIB" name="runScenario" description="Runs Cucumber Scenarios" data-provider="scenarios" finished-at="2022-09-18T00:09:50 WIB" duration-ms="277414" status="PASS">
          <params>
            <param index="0">
              <value>
                <![CDATA["User valid login"]]>
              </value>
            </param>
            <param index="1">
              <value>
                <![CDATA["Seacrh Contact"]]>
              </value>
            </param>
          </params>
          <reporter-output>
          </reporter-output>
        </test-method> <!-- runScenario -->
        <test-method signature="runScenario(io.cucumber.testng.PickleWrapper,io.cucumber.testng.FeatureWrapper)[pri:0, instance:com.juaracoding.projectJC.web_admin.step_definitions.TestRunnerSearchContact@708f5957]" started-at="2022-09-18T00:09:50 WIB" name="runScenario" description="Runs Cucumber Scenarios" data-provider="scenarios" finished-at="2022-09-18T00:10:19 WIB" duration-ms="29169" status="PASS">
          <params>
            <param index="0">
              <value>
                <![CDATA["User search name"]]>
              </value>
            </param>
            <param index="1">
              <value>
                <![CDATA["Seacrh Contact"]]>
              </value>
            </param>
          </params>
          <reporter-output>
          </reporter-output>
        </test-method> <!-- runScenario -->
        <test-method signature="runScenario(io.cucumber.testng.PickleWrapper,io.cucumber.testng.FeatureWrapper)[pri:0, instance:com.juaracoding.projectJC.web_admin.step_definitions.TestRunnerSearchContact@708f5957]" started-at="2022-09-18T00:10:19 WIB" name="runScenario" description="Runs Cucumber Scenarios" data-provider="scenarios" finished-at="2022-09-18T00:10:52 WIB" duration-ms="33121" status="PASS">
          <params>
            <param index="0">
              <value>
                <![CDATA["User search name null"]]>
              </value>
            </param>
            <param index="1">
              <value>
                <![CDATA["Seacrh Contact"]]>
              </value>
            </param>
          </params>
          <reporter-output>
          </reporter-output>
        </test-method> <!-- runScenario -->
        <test-method signature="runScenario(io.cucumber.testng.PickleWrapper,io.cucumber.testng.FeatureWrapper)[pri:0, instance:com.juaracoding.projectJC.web_admin.step_definitions.TestRunnerSearchContact@708f5957]" started-at="2022-09-18T00:10:52 WIB" name="runScenario" description="Runs Cucumber Scenarios" data-provider="scenarios" finished-at="2022-09-18T00:11:24 WIB" duration-ms="31533" status="PASS">
          <params>
            <param index="0">
              <value>
                <![CDATA["User search email"]]>
              </value>
            </param>
            <param index="1">
              <value>
                <![CDATA["Seacrh Contact"]]>
              </value>
            </param>
          </params>
          <reporter-output>
          </reporter-output>
        </test-method> <!-- runScenario -->
        <test-method signature="runScenario(io.cucumber.testng.PickleWrapper,io.cucumber.testng.FeatureWrapper)[pri:0, instance:com.juaracoding.projectJC.web_admin.step_definitions.TestRunnerSearchContact@708f5957]" started-at="2022-09-18T00:11:24 WIB" name="runScenario" description="Runs Cucumber Scenarios" data-provider="scenarios" finished-at="2022-09-18T00:11:52 WIB" duration-ms="28178" status="PASS">
          <params>
            <param index="0">
              <value>
                <![CDATA["User search email null"]]>
              </value>
            </param>
            <param index="1">
              <value>
                <![CDATA["Seacrh Contact"]]>
              </value>
            </param>
          </params>
          <reporter-output>
          </reporter-output>
        </test-method> <!-- runScenario -->
        <test-method signature="runScenario(io.cucumber.testng.PickleWrapper,io.cucumber.testng.FeatureWrapper)[pri:0, instance:com.juaracoding.projectJC.web_admin.step_definitions.TestRunnerSearchContact@708f5957]" started-at="2022-09-18T00:11:52 WIB" name="runScenario" description="Runs Cucumber Scenarios" data-provider="scenarios" finished-at="2022-09-18T00:12:28 WIB" duration-ms="35343" status="PASS">
          <params>
            <param index="0">
              <value>
                <![CDATA["User search number"]]>
              </value>
            </param>
            <param index="1">
              <value>
                <![CDATA["Seacrh Contact"]]>
              </value>
            </param>
          </params>
          <reporter-output>
          </reporter-output>
        </test-method> <!-- runScenario -->
        <test-method signature="runScenario(io.cucumber.testng.PickleWrapper,io.cucumber.testng.FeatureWrapper)[pri:0, instance:com.juaracoding.projectJC.web_admin.step_definitions.TestRunnerSearchContact@708f5957]" started-at="2022-09-18T00:12:28 WIB" name="runScenario" description="Runs Cucumber Scenarios" data-provider="scenarios" finished-at="2022-09-18T00:13:01 WIB" duration-ms="33037" status="PASS">
          <params>
            <param index="0">
              <value>
                <![CDATA["User search number null"]]>
              </value>
            </param>
            <param index="1">
              <value>
                <![CDATA["Seacrh Contact"]]>
              </value>
            </param>
          </params>
          <reporter-output>
          </reporter-output>
        </test-method> <!-- runScenario -->
        <test-method signature="runScenario(io.cucumber.testng.PickleWrapper,io.cucumber.testng.FeatureWrapper)[pri:0, instance:com.juaracoding.projectJC.web_admin.step_definitions.TestRunnerSearchContact@708f5957]" started-at="2022-09-18T00:13:01 WIB" name="runScenario" description="Runs Cucumber Scenarios" data-provider="scenarios" finished-at="2022-09-18T00:13:29 WIB" duration-ms="28106" status="PASS">
          <params>
            <param index="0">
              <value>
                <![CDATA["User search subject"]]>
              </value>
            </param>
            <param index="1">
              <value>
                <![CDATA["Seacrh Contact"]]>
              </value>
            </param>
          </params>
          <reporter-output>
          </reporter-output>
        </test-method> <!-- runScenario -->
        <test-method signature="runScenario(io.cucumber.testng.PickleWrapper,io.cucumber.testng.FeatureWrapper)[pri:0, instance:com.juaracoding.projectJC.web_admin.step_definitions.TestRunnerSearchContact@708f5957]" started-at="2022-09-18T00:13:29 WIB" name="runScenario" description="Runs Cucumber Scenarios" data-provider="scenarios" finished-at="2022-09-18T00:13:57 WIB" duration-ms="27936" status="PASS">
          <params>
            <param index="0">
              <value>
                <![CDATA["User search subject null"]]>
              </value>
            </param>
            <param index="1">
              <value>
                <![CDATA["Seacrh Contact"]]>
              </value>
            </param>
          </params>
          <reporter-output>
          </reporter-output>
        </test-method> <!-- runScenario -->
        <test-method signature="runScenario(io.cucumber.testng.PickleWrapper,io.cucumber.testng.FeatureWrapper)[pri:0, instance:com.juaracoding.projectJC.web_admin.step_definitions.TestRunnerSearchContact@708f5957]" started-at="2022-09-18T00:13:57 WIB" name="runScenario" description="Runs Cucumber Scenarios" data-provider="scenarios" finished-at="2022-09-18T00:14:31 WIB" duration-ms="34818" status="PASS">
          <params>
            <param index="0">
              <value>
                <![CDATA["User search message"]]>
              </value>
            </param>
            <param index="1">
              <value>
                <![CDATA["Seacrh Contact"]]>
              </value>
            </param>
          </params>
          <reporter-output>
          </reporter-output>
        </test-method> <!-- runScenario -->
        <test-method is-config="true" signature="tearDownClass()[pri:0, instance:com.juaracoding.projectJC.web_admin.step_definitions.TestRunnerSearchContact@708f5957]" started-at="2022-09-18T00:14:31 WIB" name="tearDownClass" finished-at="2022-09-18T00:14:34 WIB" duration-ms="2505" status="PASS">
          <reporter-output>
          </reporter-output>
        </test-method> <!-- tearDownClass -->
      </class> <!-- com.juaracoding.projectJC.web_admin.step_definitions.TestRunnerSearchContact -->
    </test> <!-- Default test -->
  </suite> <!-- Default suite -->
</testng-results>
