<?xml version="1.0" encoding="UTF-8"?>
<!-- Generated by org.testng.reporters.JUnitReportReporter -->
<testsuite hostname="DESKTOP-RARCBNQ" failures="0" tests="1" name="com.juaracoding.projectJC.web_tamu.modul_contact_message_negative.TestRunnerContactNegative" time="4.520" errors="1" timestamp="2022-09-16T22:57:35 WIB" skipped="0">
  <testcase classname="com.juaracoding.projectJC.web_tamu.modul_contact_message_negative.TestRunnerContactNegative" name="runScenario" time="4.520">
    <error message="Cannot invoke &quot;org.openqa.selenium.WebDriver.get(String)&quot; because &quot;com.juaracoding.projectJC.web_tamu.modul_contact_message_negative.TestContactNegative.driver&quot; is null" type="java.lang.NullPointerException">
      <![CDATA[java.lang.NullPointerException: Cannot invoke "org.openqa.selenium.WebDriver.get(String)" because "com.juaracoding.projectJC.web_tamu.modul_contact_message_negative.TestContactNegative.driver" is null
at com.juaracoding.projectJC.web_tamu.modul_contact_message_negative.TestContactNegative.user_go_to_web_JC_contact_tamu(TestContactNegative.java:33)
at ✽.User go to web JC contact tamu two(file:///D:/eclipse-workspace/Juaracoding-KerjaPraktek/src/test/resources/features/03.ContactTamuNegative.feature:6)
]]>
    </error>
  </testcase> <!-- runScenario -->
  <system-out/>
</testsuite> <!-- com.juaracoding.projectJC.web_tamu.modul_contact_message_negative.TestRunnerContactNegative -->
