<?xml version="1.0" encoding="UTF-8"?>
<!-- Generated by org.testng.reporters.JUnitReportReporter -->
<testsuite hostname="DESKTOP-RARCBNQ" failures="0" tests="10" name="com.juaracoding.projectJC.web_tamu.modul_contact_message_negative.TestRunnerContactNegative" time="828.349" errors="2" timestamp="2022-09-19T18:43:29 WIB" skipped="0">
  <testcase classname="com.juaracoding.projectJC.web_tamu.modul_contact_message_negative.TestRunnerContactNegative" name="runScenario" time="49.374"/>
  <system-out/>
  <testcase classname="com.juaracoding.projectJC.web_tamu.modul_contact_message_negative.TestRunnerContactNegative" name="runScenario" time="50.604"/>
  <system-out/>
  <testcase classname="com.juaracoding.projectJC.web_tamu.modul_contact_message_negative.TestRunnerContactNegative" name="runScenario" time="50.803"/>
  <system-out/>
  <testcase classname="com.juaracoding.projectJC.web_tamu.modul_contact_message_negative.TestRunnerContactNegative" name="runScenario" time="82.950"/>
  <system-out/>
  <testcase classname="com.juaracoding.projectJC.web_tamu.modul_contact_message_negative.TestRunnerContactNegative" name="runScenario" time="55.010"/>
  <system-out/>
  <testcase classname="com.juaracoding.projectJC.web_tamu.modul_contact_message_negative.TestRunnerContactNegative" name="runScenario" time="301.508"/>
  <system-out/>
  <testcase classname="com.juaracoding.projectJC.web_tamu.modul_contact_message_negative.TestRunnerContactNegative" name="runScenario" time="59.199">
    <error message="no such element: Unable to locate element: {&quot;method&quot;:&quot;xpath&quot;,&quot;selector&quot;:&quot;//div[contains(@class,&#039;invalid-feedback&#039;)][normalize-space()=&#039;The phone field is required.&#039;]&quot;}
  (Session info: chrome=105.0.5195.127)
For documentation on this error, please visit: https://www.seleniumhq.org/exceptions/no_such_element.html
Build info: version: &#039;3.141.59&#039;, revision: &#039;e82be7d358&#039;, time: &#039;2018-11-14T08:17:03&#039;
System info: host: &#039;DESKTOP-RARCBNQ&#039;, ip: &#039;10.113.11.253&#039;, os.name: &#039;Windows 10&#039;, os.arch: &#039;amd64&#039;, os.version: &#039;10.0&#039;, java.version: &#039;17.0.4&#039;
Driver info: org.openqa.selenium.chrome.ChromeDriver
Capabilities {acceptInsecureCerts: false, browserName: chrome, browserVersion: 105.0.5195.127, chrome: {chromedriverVersion: 104.0.5112.79 (3cf3e8c8a07d..., userDataDir: C:\Users\ERBINA~1\AppData\L...}, goog:chromeOptions: {debuggerAddress: localhost:57405}, javascriptEnabled: true, networkConnectionEnabled: false, pageLoadStrategy: normal, platform: WINDOWS, platformName: WINDOWS, proxy: Proxy(), setWindowRect: true, strictFileInteractability: false, timeouts: {implicit: 0, pageLoad: 300000, script: 30000}, unhandledPromptBehavior: dismiss and notify, webauthn:extension:credBlob: true, webauthn:extension:largeBlob: true, webauthn:virtualAuthenticators: true}
Session ID: ff82f94907d2aa43a04b0e681e77eab3
*** Element info: {Using=xpath, value=//div[contains(@class,&#039;invalid-feedback&#039;)][normalize-space()=&#039;The phone field is required.&#039;]}" type="org.openqa.selenium.NoSuchElementException">
      <![CDATA[org.openqa.selenium.NoSuchElementException: no such element: Unable to locate element: {"method":"xpath","selector":"//div[contains(@class,'invalid-feedback')][normalize-space()='The phone field is required.']"}
  (Session info: chrome=105.0.5195.127)
For documentation on this error, please visit: https://www.seleniumhq.org/exceptions/no_such_element.html
Build info: version: '3.141.59', revision: 'e82be7d358', time: '2018-11-14T08:17:03'
System info: host: 'DESKTOP-RARCBNQ', ip: '10.113.11.253', os.name: 'Windows 10', os.arch: 'amd64', os.version: '10.0', java.version: '17.0.4'
Driver info: org.openqa.selenium.chrome.ChromeDriver
Capabilities {acceptInsecureCerts: false, browserName: chrome, browserVersion: 105.0.5195.127, chrome: {chromedriverVersion: 104.0.5112.79 (3cf3e8c8a07d..., userDataDir: C:\Users\ERBINA~1\AppData\L...}, goog:chromeOptions: {debuggerAddress: localhost:57405}, javascriptEnabled: true, networkConnectionEnabled: false, pageLoadStrategy: normal, platform: WINDOWS, platformName: WINDOWS, proxy: Proxy(), setWindowRect: true, strictFileInteractability: false, timeouts: {implicit: 0, pageLoad: 300000, script: 30000}, unhandledPromptBehavior: dismiss and notify, webauthn:extension:credBlob: true, webauthn:extension:largeBlob: true, webauthn:virtualAuthenticators: true}
Session ID: ff82f94907d2aa43a04b0e681e77eab3
*** Element info: {Using=xpath, value=//div[contains(@class,'invalid-feedback')][normalize-space()='The phone field is required.']}
at java.base/jdk.internal.reflect.NativeConstructorAccessorImpl.newInstance0(Native Method)
at java.base/jdk.internal.reflect.NativeConstructorAccessorImpl.newInstance(NativeConstructorAccessorImpl.java:77)
at java.base/jdk.internal.reflect.DelegatingConstructorAccessorImpl.newInstance(DelegatingConstructorAccessorImpl.java:45)
at java.base/java.lang.reflect.Constructor.newInstanceWithCaller(Constructor.java:499)
at java.base/java.lang.reflect.Constructor.newInstance(Constructor.java:480)
at org.openqa.selenium.remote.http.W3CHttpResponseCodec.createException(W3CHttpResponseCodec.java:187)
at org.openqa.selenium.remote.http.W3CHttpResponseCodec.decode(W3CHttpResponseCodec.java:122)
at org.openqa.selenium.remote.http.W3CHttpResponseCodec.decode(W3CHttpResponseCodec.java:49)
at org.openqa.selenium.remote.HttpCommandExecutor.execute(HttpCommandExecutor.java:158)
at org.openqa.selenium.remote.service.DriverCommandExecutor.execute(DriverCommandExecutor.java:83)
at org.openqa.selenium.remote.RemoteWebDriver.execute(RemoteWebDriver.java:552)
at org.openqa.selenium.remote.RemoteWebDriver.findElement(RemoteWebDriver.java:323)
at org.openqa.selenium.remote.RemoteWebDriver.findElementByXPath(RemoteWebDriver.java:428)
at org.openqa.selenium.By$ByXPath.findElement(By.java:353)
at org.openqa.selenium.remote.RemoteWebDriver.findElement(RemoteWebDriver.java:315)
at org.openqa.selenium.support.pagefactory.DefaultElementLocator.findElement(DefaultElementLocator.java:69)
at org.openqa.selenium.support.pagefactory.internal.LocatingElementHandler.invoke(LocatingElementHandler.java:38)
at jdk.proxy2/jdk.proxy2.$Proxy27.getText(Unknown Source)
at com.juaracoding.projectJC.pages.ModulContactTamu.getValidasiNomorKosong(ModulContactTamu.java:108)
at com.juaracoding.projectJC.web_tamu.modul_contact_message_negative.TestContactNegative.alert_invalid_message_four(TestContactNegative.java:201)
at ✽.Alert invalid message four(file:///D:/eclipse-workspace/Juaracoding-KerjaPraktek/src/test/resources/features/03.ContactTamuNegative.feature:30)
]]>
    </error>
  </testcase> <!-- runScenario -->
  <system-out/>
  <testcase classname="com.juaracoding.projectJC.web_tamu.modul_contact_message_negative.TestRunnerContactNegative" name="runScenario" time="49.598"/>
  <system-out/>
  <testcase classname="com.juaracoding.projectJC.web_tamu.modul_contact_message_negative.TestRunnerContactNegative" name="runScenario" time="45.902"/>
  <system-out/>
  <testcase classname="com.juaracoding.projectJC.web_tamu.modul_contact_message_negative.TestRunnerContactNegative" name="runScenario" time="83.401">
    <error message="element click intercepted: Element &lt;span&gt;...&lt;/span&gt; is not clickable at point (127, 410). Other element would receive the click: &lt;div class=&quot;loader-wrapper&quot; style=&quot;opacity: 0.990136;&quot;&gt;...&lt;/div&gt;
  (Session info: chrome=105.0.5195.127)
Build info: version: &#039;3.141.59&#039;, revision: &#039;e82be7d358&#039;, time: &#039;2018-11-14T08:17:03&#039;
System info: host: &#039;DESKTOP-RARCBNQ&#039;, ip: &#039;10.113.11.253&#039;, os.name: &#039;Windows 10&#039;, os.arch: &#039;amd64&#039;, os.version: &#039;10.0&#039;, java.version: &#039;17.0.4&#039;
Driver info: org.openqa.selenium.chrome.ChromeDriver
Capabilities {acceptInsecureCerts: false, browserName: chrome, browserVersion: 105.0.5195.127, chrome: {chromedriverVersion: 104.0.5112.79 (3cf3e8c8a07d..., userDataDir: C:\Users\ERBINA~1\AppData\L...}, goog:chromeOptions: {debuggerAddress: localhost:57405}, javascriptEnabled: true, networkConnectionEnabled: false, pageLoadStrategy: normal, platform: WINDOWS, platformName: WINDOWS, proxy: Proxy(), setWindowRect: true, strictFileInteractability: false, timeouts: {implicit: 0, pageLoad: 300000, script: 30000}, unhandledPromptBehavior: dismiss and notify, webauthn:extension:credBlob: true, webauthn:extension:largeBlob: true, webauthn:virtualAuthenticators: true}
Session ID: ff82f94907d2aa43a04b0e681e77eab3" type="org.openqa.selenium.ElementClickInterceptedException">
      <![CDATA[org.openqa.selenium.ElementClickInterceptedException: element click intercepted: Element <span>...</span> is not clickable at point (127, 410). Other element would receive the click: <div class="loader-wrapper" style="opacity: 0.990136;">...</div>
  (Session info: chrome=105.0.5195.127)
Build info: version: '3.141.59', revision: 'e82be7d358', time: '2018-11-14T08:17:03'
System info: host: 'DESKTOP-RARCBNQ', ip: '10.113.11.253', os.name: 'Windows 10', os.arch: 'amd64', os.version: '10.0', java.version: '17.0.4'
Driver info: org.openqa.selenium.chrome.ChromeDriver
Capabilities {acceptInsecureCerts: false, browserName: chrome, browserVersion: 105.0.5195.127, chrome: {chromedriverVersion: 104.0.5112.79 (3cf3e8c8a07d..., userDataDir: C:\Users\ERBINA~1\AppData\L...}, goog:chromeOptions: {debuggerAddress: localhost:57405}, javascriptEnabled: true, networkConnectionEnabled: false, pageLoadStrategy: normal, platform: WINDOWS, platformName: WINDOWS, proxy: Proxy(), setWindowRect: true, strictFileInteractability: false, timeouts: {implicit: 0, pageLoad: 300000, script: 30000}, unhandledPromptBehavior: dismiss and notify, webauthn:extension:credBlob: true, webauthn:extension:largeBlob: true, webauthn:virtualAuthenticators: true}
Session ID: ff82f94907d2aa43a04b0e681e77eab3
at java.base/jdk.internal.reflect.NativeConstructorAccessorImpl.newInstance0(Native Method)
at java.base/jdk.internal.reflect.NativeConstructorAccessorImpl.newInstance(NativeConstructorAccessorImpl.java:77)
at java.base/jdk.internal.reflect.DelegatingConstructorAccessorImpl.newInstance(DelegatingConstructorAccessorImpl.java:45)
at java.base/java.lang.reflect.Constructor.newInstanceWithCaller(Constructor.java:499)
at java.base/java.lang.reflect.Constructor.newInstance(Constructor.java:480)
at org.openqa.selenium.remote.http.W3CHttpResponseCodec.createException(W3CHttpResponseCodec.java:187)
at org.openqa.selenium.remote.http.W3CHttpResponseCodec.decode(W3CHttpResponseCodec.java:122)
at org.openqa.selenium.remote.http.W3CHttpResponseCodec.decode(W3CHttpResponseCodec.java:49)
at org.openqa.selenium.remote.HttpCommandExecutor.execute(HttpCommandExecutor.java:158)
at org.openqa.selenium.remote.service.DriverCommandExecutor.execute(DriverCommandExecutor.java:83)
at org.openqa.selenium.remote.RemoteWebDriver.execute(RemoteWebDriver.java:552)
at org.openqa.selenium.remote.RemoteWebElement.execute(RemoteWebElement.java:285)
at org.openqa.selenium.remote.RemoteWebElement.click(RemoteWebElement.java:84)
at java.base/jdk.internal.reflect.NativeMethodAccessorImpl.invoke0(Native Method)
at java.base/jdk.internal.reflect.NativeMethodAccessorImpl.invoke(NativeMethodAccessorImpl.java:77)
at java.base/jdk.internal.reflect.DelegatingMethodAccessorImpl.invoke(DelegatingMethodAccessorImpl.java:43)
at java.base/java.lang.reflect.Method.invoke(Method.java:568)
at org.openqa.selenium.support.pagefactory.internal.LocatingElementHandler.invoke(LocatingElementHandler.java:51)
at jdk.proxy2/jdk.proxy2.$Proxy27.click(Unknown Source)
at com.juaracoding.projectJC.pages.Login.clickBtnContact(Login.java:70)
at com.juaracoding.projectJC.web_tamu.modul_contact_message_negative.TestContactNegative.alert_invalid_message_seven(TestContactNegative.java:325)
at ✽.Alert invalid message seven(file:///D:/eclipse-workspace/Juaracoding-KerjaPraktek/src/test/resources/features/03.ContactTamuNegative.feature:51)
]]>
    </error>
  </testcase> <!-- runScenario -->
  <system-out/>
</testsuite> <!-- com.juaracoding.projectJC.web_tamu.modul_contact_message_negative.TestRunnerContactNegative -->
